<?xml version="1.0" encoding="UTF-8"?>
<testng-results skipped="0" failed="0" ignored="0" total="1" passed="1">
  <reporter-output>
  </reporter-output>
  <suite name="Suite" duration-ms="6275" started-at="2019-12-25T04:35:11Z" finished-at="2019-12-25T04:35:18Z">
    <groups>
    </groups>
    <test name="Test" duration-ms="6275" started-at="2019-12-25T04:35:11Z" finished-at="2019-12-25T04:35:18Z">
      <class name="com.qa.tests.HRM_Login">
        <test-method status="PASS" signature="login()[pri:0, instance:com.qa.tests.HRM_Login@c0edeb]" name="login" duration-ms="6238" started-at="2019-12-25T04:35:11Z" finished-at="2019-12-25T04:35:18Z">
          <reporter-output>
          </reporter-output>
        </test-method> <!-- login -->
      </class> <!-- com.qa.tests.HRM_Login -->
    </test> <!-- Test -->
  </suite> <!-- Suite -->
</testng-results>
